# JRE version: OpenJDK Runtime Environment Temurin-21.0.10+7 (21.0.10+7) (build 21.0.10+7-LTS)
# Java VM: OpenJDK 64-Bit Server VM Temurin-21.0.10+7 (21.0.10+7-LTS, mixed mode, sharing, tiered, compressed oops, compressed class ptrs, parallel gc, windows-amd64)
GC Precious Log:
 CardTable entry size: 512
 CPUs: 8 total, 8 available
 Memory: 5965M
 Large Page Support: Disabled
 NUMA Support: Disabled
 Compressed Oops: Enabled (32-bit)
 Alignments: Space 512K, Generation 512K, Heap 2M
 Heap Min Capacity: 100M
 Heap Initial Capacity: 100M
 Heap Max Capacity: 2G
 Pre-touch: Disabled
 Parallel Workers: 8
Heap:
 PSYoungGen      total 7680K, used 6901K [0x00000000d5580000, 0x00000000d6580000, 0x0000000100000000)
  eden space 7168K, 92% used [0x00000000d5580000,0x00000000d5bfd5f0,0x00000000d5c80000)
  from space 512K, 50% used [0x00000000d6500000,0x00000000d6540000,0x00000000d6580000)
  to   space 512K, 0% used [0x00000000d6480000,0x00000000d6480000,0x00000000d6500000)
 ParOldGen       total 1287168K, used 1286663K [0x0000000080000000, 0x00000000ce900000, 0x00000000d5580000)
  object space 1287168K, 99% used [0x0000000080000000,0x00000000ce881fa0,0x00000000ce900000)
 Metaspace       used 91402K, committed 93056K, reserved 1179648K
  class space    used 9175K, committed 9920K, reserved 1048576K
GC Heap History (20 events):
Event: 12048.583 GC heap before
{Heap before GC invocations=2745 (full 6):
 PSYoungGen      total 7680K, used 7520K [0x00000000d5580000, 0x00000000d6880000, 0x0000000100000000)
  eden space 7168K, 100% used [0x00000000d5580000,0x00000000d5c80000,0x00000000d5c80000)
  from space 512K, 68% used [0x00000000d6800000,0x00000000d6858000,0x00000000d6880000)
  to   space 1024K, 0% used [0x00000000d6680000,0x00000000d6680000,0x00000000d6780000)
 ParOldGen       total 1280000K, used 1279932K [0x0000000080000000, 0x00000000ce200000, 0x00000000d5580000)
  object space 1280000K, 99% used [0x0000000080000000,0x00000000ce1ef3b0,0x00000000ce200000)
 Metaspace       used 91256K, committed 92928K, reserved 1179648K
  class space    used 9166K, committed 9920K, reserved 1048576K
}
Event: 12049.125 GC heap after
{Heap after GC invocations=2745 (full 6):
 PSYoungGen      total 8192K, used 224K [0x00000000d5580000, 0x00000000d6880000, 0x0000000100000000)
  eden space 7168K, 0% used [0x00000000d5580000,0x00000000d5580000,0x00000000d5c80000)
  from space 1024K, 21% used [0x00000000d6680000,0x00000000d66b8000,0x00000000d6780000)
  to   space 512K, 0% used [0x00000000d6800000,0x00000000d6800000,0x00000000d6880000)
 ParOldGen       total 1280512K, used 1280052K [0x0000000080000000, 0x00000000ce280000, 0x00000000d5580000)
  object space 1280512K, 99% used [0x0000000080000000,0x00000000ce20d3b0,0x00000000ce280000)
 Metaspace       used 91256K, committed 92928K, reserved 1179648K
  class space    used 9166K, committed 9920K, reserved 1048576K
}
Event: 12119.793 GC heap before
{Heap before GC invocations=2746 (full 6):
 PSYoungGen      total 8192K, used 7392K [0x00000000d5580000, 0x00000000d6880000, 0x0000000100000000)
  eden space 7168K, 100% used [0x00000000d5580000,0x00000000d5c80000,0x00000000d5c80000)
  from space 1024K, 21% used [0x00000000d6680000,0x00000000d66b8000,0x00000000d6780000)
  to   space 512K, 0% used [0x00000000d6800000,0x00000000d6800000,0x00000000d6880000)
 ParOldGen       total 1280512K, used 1280052K [0x0000000080000000, 0x00000000ce280000, 0x00000000d5580000)
  object space 1280512K, 99% used [0x0000000080000000,0x00000000ce20d3b0,0x00000000ce280000)
 Metaspace       used 91267K, committed 92928K, reserved 1179648K
  class space    used 9167K, committed 9920K, reserved 1048576K
}
Event: 12120.317 GC heap after
{Heap after GC invocations=2746 (full 6):
 PSYoungGen      total 7680K, used 256K [0x00000000d5580000, 0x00000000d6880000, 0x0000000100000000)
  eden space 7168K, 0% used [0x00000000d5580000,0x00000000d5580000,0x00000000d5c80000)
  from space 512K, 50% used [0x00000000d6800000,0x00000000d6840000,0x00000000d6880000)
  to   space 512K, 0% used [0x00000000d6780000,0x00000000d6780000,0x00000000d6800000)
 ParOldGen       total 1280512K, used 1280156K [0x0000000080000000, 0x00000000ce280000, 0x00000000d5580000)
  object space 1280512K, 99% used [0x0000000080000000,0x00000000ce2273b0,0x00000000ce280000)
 Metaspace       used 91267K, committed 92928K, reserved 1179648K
  class space    used 9167K, committed 9920K, reserved 1048576K
}
Event: 13232.413 GC heap before
{Heap before GC invocations=2747 (full 6):
 PSYoungGen      total 7680K, used 7424K [0x00000000d5580000, 0x00000000d6880000, 0x0000000100000000)
  eden space 7168K, 100% used [0x00000000d5580000,0x00000000d5c80000,0x00000000d5c80000)
  from space 512K, 50% used [0x00000000d6800000,0x00000000d6840000,0x00000000d6880000)
  to   space 512K, 0% used [0x00000000d6780000,0x00000000d6780000,0x00000000d6800000)
 ParOldGen       total 1280512K, used 1280156K [0x0000000080000000, 0x00000000ce280000, 0x00000000d5580000)
  object space 1280512K, 99% used [0x0000000080000000,0x00000000ce2273b0,0x00000000ce280000)
 Metaspace       used 91269K, committed 92928K, reserved 1179648K
  class space    used 9167K, committed 9920K, reserved 1048576K
}
Event: 13233.146 GC heap after
{Heap after GC invocations=2747 (full 6):
 PSYoungGen      total 7680K, used 500K [0x00000000d5580000, 0x00000000d6880000, 0x0000000100000000)
  eden space 7168K, 0% used [0x00000000d5580000,0x00000000d5580000,0x00000000d5c80000)
  from space 512K, 97% used [0x00000000d6780000,0x00000000d67fd240,0x00000000d6800000)
  to   space 512K, 0% used [0x00000000d6800000,0x00000000d6800000,0x00000000d6880000)
 ParOldGen       total 1281024K, used 1280790K [0x0000000080000000, 0x00000000ce300000, 0x00000000d5580000)
  object space 1281024K, 99% used [0x0000000080000000,0x00000000ce2c5860,0x00000000ce300000)
 Metaspace       used 91269K, committed 92928K, reserved 1179648K
  class space    used 9167K, committed 9920K, reserved 1048576K
}
Event: 13233.617 GC heap before
{Heap before GC invocations=2748 (full 6):
 PSYoungGen      total 7680K, used 7668K [0x00000000d5580000, 0x00000000d6880000, 0x0000000100000000)
  eden space 7168K, 100% used [0x00000000d5580000,0x00000000d5c80000,0x00000000d5c80000)
  from space 512K, 97% used [0x00000000d6780000,0x00000000d67fd240,0x00000000d6800000)
  to   space 512K, 0% used [0x00000000d6800000,0x00000000d6800000,0x00000000d6880000)
 ParOldGen       total 1281024K, used 1280790K [0x0000000080000000, 0x00000000ce300000, 0x00000000d5580000)
  object space 1281024K, 99% used [0x0000000080000000,0x00000000ce2c5860,0x00000000ce300000)
 Metaspace       used 91269K, committed 92928K, reserved 1179648K
  class space    used 9167K, committed 9920K, reserved 1048576K
}
Event: 13233.637 GC heap after
{Heap after GC invocations=2748 (full 6):
 PSYoungGen      total 7680K, used 512K [0x00000000d5580000, 0x00000000d6880000, 0x0000000100000000)
  eden space 7168K, 0% used [0x00000000d5580000,0x00000000d5580000,0x00000000d5c80000)
  from space 512K, 100% used [0x00000000d6800000,0x00000000d6880000,0x00000000d6880000)
  to   space 1536K, 0% used [0x00000000d6580000,0x00000000d6580000,0x00000000d6700000)
 ParOldGen       total 1282048K, used 1281699K [0x0000000080000000, 0x00000000ce400000, 0x00000000d5580000)
  object space 1282048K, 99% used [0x0000000080000000,0x00000000ce3a8f60,0x00000000ce400000)
 Metaspace       used 91269K, committed 92928K, reserved 1179648K
  class space    used 9167K, committed 9920K, reserved 1048576K
}
Event: 13294.863 GC heap before
{Heap before GC invocations=2749 (full 6):
 PSYoungGen      total 7680K, used 6804K [0x00000000d5580000, 0x00000000d6880000, 0x0000000100000000)
  eden space 7168K, 87% used [0x00000000d5580000,0x00000000d5ba53b0,0x00000000d5c80000)
  from space 512K, 100% used [0x00000000d6800000,0x00000000d6880000,0x00000000d6880000)
  to   space 1536K, 0% used [0x00000000d6580000,0x00000000d6580000,0x00000000d6700000)
 ParOldGen       total 1282048K, used 1281699K [0x0000000080000000, 0x00000000ce400000, 0x00000000d5580000)
  object space 1282048K, 99% used [0x0000000080000000,0x00000000ce3a8f60,0x00000000ce400000)
 Metaspace       used 91337K, committed 92992K, reserved 1179648K
  class space    used 9175K, committed 9920K, reserved 1048576K
}
Event: 13295.362 GC heap after
{Heap after GC invocations=2749 (full 6):
 PSYoungGen      total 8704K, used 1099K [0x00000000d5580000, 0x00000000d6880000, 0x0000000100000000)
  eden space 7168K, 0% used [0x00000000d5580000,0x00000000d5580000,0x00000000d5c80000)
  from space 1536K, 71% used [0x00000000d6580000,0x00000000d6692e18,0x00000000d6700000)
  to   space 1536K, 0% used [0x00000000d6700000,0x00000000d6700000,0x00000000d6880000)
 ParOldGen       total 1282560K, used 1282139K [0x0000000080000000, 0x00000000ce480000, 0x00000000d5580000)
  object space 1282560K, 99% used [0x0000000080000000,0x00000000ce416f80,0x00000000ce480000)
 Metaspace       used 91337K, committed 92992K, reserved 1179648K
  class space    used 9175K, committed 9920K, reserved 1048576K
}
Event: 13296.442 GC heap before
{Heap before GC invocations=2750 (full 6):
 PSYoungGen      total 8704K, used 8267K [0x00000000d5580000, 0x00000000d6880000, 0x0000000100000000)
  eden space 7168K, 100% used [0x00000000d5580000,0x00000000d5c80000,0x00000000d5c80000)
  from space 1536K, 71% used [0x00000000d6580000,0x00000000d6692e18,0x00000000d6700000)
  to   space 1536K, 0% used [0x00000000d6700000,0x00000000d6700000,0x00000000d6880000)
 ParOldGen       total 1282560K, used 1282139K [0x0000000080000000, 0x00000000ce480000, 0x00000000d5580000)
  object space 1282560K, 99% used [0x0000000080000000,0x00000000ce416f80,0x00000000ce480000)
 Metaspace       used 91337K, committed 92992K, reserved 1179648K
  class space    used 9175K, committed 9920K, reserved 1048576K
}
Event: 13296.455 GC heap after
{Heap after GC invocations=2750 (full 6):
 PSYoungGen      total 8704K, used 1523K [0x00000000d5580000, 0x00000000d6880000, 0x0000000100000000)
  eden space 7168K, 0% used [0x00000000d5580000,0x00000000d5580000,0x00000000d5c80000)
  from space 1536K, 99% used [0x00000000d6700000,0x00000000d687cc50,0x00000000d6880000)
  to   space 5632K, 0% used [0x00000000d5d80000,0x00000000d5d80000,0x00000000d6300000)
 ParOldGen       total 1285632K, used 1285495K [0x0000000080000000, 0x00000000ce780000, 0x00000000d5580000)
  object space 1285632K, 99% used [0x0000000080000000,0x00000000ce75df40,0x00000000ce780000)
 Metaspace       used 91337K, committed 92992K, reserved 1179648K
  class space    used 9175K, committed 9920K, reserved 1048576K
}
Event: 13296.953 GC heap before
{Heap before GC invocations=2751 (full 6):
 PSYoungGen      total 8704K, used 8691K [0x00000000d5580000, 0x00000000d6880000, 0x0000000100000000)
  eden space 7168K, 100% used [0x00000000d5580000,0x00000000d5c80000,0x00000000d5c80000)
  from space 1536K, 99% used [0x00000000d6700000,0x00000000d687cc50,0x00000000d6880000)
  to   space 5632K, 0% used [0x00000000d5d80000,0x00000000d5d80000,0x00000000d6300000)
 ParOldGen       total 1285632K, used 1285495K [0x0000000080000000, 0x00000000ce780000, 0x00000000d5580000)
  object space 1285632K, 99% used [0x0000000080000000,0x00000000ce75df40,0x00000000ce780000)
 Metaspace       used 91339K, committed 92992K, reserved 1179648K
  class space    used 9175K, committed 9920K, reserved 1048576K
}
Event: 13296.963 GC heap after
{Heap after GC invocations=2751 (full 6):
 PSYoungGen      total 12800K, used 704K [0x00000000d5580000, 0x00000000d6780000, 0x0000000100000000)
  eden space 7168K, 0% used [0x00000000d5580000,0x00000000d5580000,0x00000000d5c80000)
  from space 5632K, 12% used [0x00000000d5d80000,0x00000000d5e30000,0x00000000d6300000)
  to   space 2560K, 0% used [0x00000000d6500000,0x00000000d6500000,0x00000000d6780000)
 ParOldGen       total 1286144K, used 1285783K [0x0000000080000000, 0x00000000ce800000, 0x00000000d5580000)
  object space 1286144K, 99% used [0x0000000080000000,0x00000000ce7a5f60,0x00000000ce800000)
 Metaspace       used 91339K, committed 92992K, reserved 1179648K
  class space    used 9175K, committed 9920K, reserved 1048576K
}
Event: 13299.973 GC heap before
{Heap before GC invocations=2752 (full 6):
 PSYoungGen      total 12800K, used 7872K [0x00000000d5580000, 0x00000000d6780000, 0x0000000100000000)
  eden space 7168K, 100% used [0x00000000d5580000,0x00000000d5c80000,0x00000000d5c80000)
  from space 5632K, 12% used [0x00000000d5d80000,0x00000000d5e30000,0x00000000d6300000)
  to   space 2560K, 0% used [0x00000000d6500000,0x00000000d6500000,0x00000000d6780000)
 ParOldGen       total 1286144K, used 1285783K [0x0000000080000000, 0x00000000ce800000, 0x00000000d5580000)
  object space 1286144K, 99% used [0x0000000080000000,0x00000000ce7a5f60,0x00000000ce800000)
 Metaspace       used 91372K, committed 93056K, reserved 1179648K
  class space    used 9175K, committed 9920K, reserved 1048576K
}
Event: 13299.980 GC heap after
{Heap after GC invocations=2752 (full 6):
 PSYoungGen      total 7680K, used 416K [0x00000000d5580000, 0x00000000d6580000, 0x0000000100000000)
  eden space 7168K, 0% used [0x00000000d5580000,0x00000000d5580000,0x00000000d5c80000)
  from space 512K, 81% used [0x00000000d6500000,0x00000000d6568020,0x00000000d6580000)
  to   space 1024K, 0% used [0x00000000d6380000,0x00000000d6380000,0x00000000d6480000)
 ParOldGen       total 1286656K, used 1286367K [0x0000000080000000, 0x00000000ce880000, 0x00000000d5580000)
  object space 1286656K, 99% used [0x0000000080000000,0x00000000ce837f60,0x00000000ce880000)
 Metaspace       used 91372K, committed 93056K, reserved 1179648K
  class space    used 9175K, committed 9920K, reserved 1048576K
}
Event: 13444.943 GC heap before
{Heap before GC invocations=2753 (full 6):
 PSYoungGen      total 7680K, used 7584K [0x00000000d5580000, 0x00000000d6580000, 0x0000000100000000)
  eden space 7168K, 100% used [0x00000000d5580000,0x00000000d5c80000,0x00000000d5c80000)
  from space 512K, 81% used [0x00000000d6500000,0x00000000d6568020,0x00000000d6580000)
  to   space 1024K, 0% used [0x00000000d6380000,0x00000000d6380000,0x00000000d6480000)
 ParOldGen       total 1286656K, used 1286367K [0x0000000080000000, 0x00000000ce880000, 0x00000000d5580000)
  object space 1286656K, 99% used [0x0000000080000000,0x00000000ce837f60,0x00000000ce880000)
 Metaspace       used 91373K, committed 93056K, reserved 1179648K
  class space    used 9175K, committed 9920K, reserved 1048576K
}
Event: 13445.594 GC heap after
{Heap after GC invocations=2753 (full 6):
 PSYoungGen      total 8192K, used 442K [0x00000000d5580000, 0x00000000d6580000, 0x0000000100000000)
  eden space 7168K, 0% used [0x00000000d5580000,0x00000000d5580000,0x00000000d5c80000)
  from space 1024K, 43% used [0x00000000d6380000,0x00000000d63ee920,0x00000000d6480000)
  to   space 512K, 0% used [0x00000000d6500000,0x00000000d6500000,0x00000000d6580000)
 ParOldGen       total 1286656K, used 1286495K [0x0000000080000000, 0x00000000ce880000, 0x00000000d5580000)
  object space 1286656K, 99% used [0x0000000080000000,0x00000000ce857f80,0x00000000ce880000)
 Metaspace       used 91373K, committed 93056K, reserved 1179648K
  class space    used 9175K, committed 9920K, reserved 1048576K
}
Event: 13447.664 GC heap before
{Heap before GC invocations=2754 (full 6):
 PSYoungGen      total 8192K, used 7610K [0x00000000d5580000, 0x00000000d6580000, 0x0000000100000000)
  eden space 7168K, 100% used [0x00000000d5580000,0x00000000d5c80000,0x00000000d5c80000)
  from space 1024K, 43% used [0x00000000d6380000,0x00000000d63ee920,0x00000000d6480000)
  to   space 512K, 0% used [0x00000000d6500000,0x00000000d6500000,0x00000000d6580000)
 ParOldGen       total 1286656K, used 1286495K [0x0000000080000000, 0x00000000ce880000, 0x00000000d5580000)
  object space 1286656K, 99% used [0x0000000080000000,0x00000000ce857f80,0x00000000ce880000)
 Metaspace       used 91396K, committed 93056K, reserved 1179648K
  class space    used 9175K, committed 9920K, reserved 1048576K
}
Event: 13447.671 GC heap after
{Heap after GC invocations=2754 (full 6):
 PSYoungGen      total 7680K, used 256K [0x00000000d5580000, 0x00000000d6580000, 0x0000000100000000)
  eden space 7168K, 0% used [0x00000000d5580000,0x00000000d5580000,0x00000000d5c80000)
  from space 512K, 50% used [0x00000000d6500000,0x00000000d6540000,0x00000000d6580000)
  to   space 512K, 0% used [0x00000000d6480000,0x00000000d6480000,0x00000000d6500000)
 ParOldGen       total 1287168K, used 1286663K [0x0000000080000000, 0x00000000ce900000, 0x00000000d5580000)
  object space 1287168K, 99% used [0x0000000080000000,0x00000000ce881fa0,0x00000000ce900000)
 Metaspace       used 91396K, committed 93056K, reserved 1179648K
  class space    used 9175K, committed 9920K, reserved 1048576K
}

