# JRE version: Java(TM) SE Runtime Environment (24.0.2+12) (build 24.0.2+12-54)
# Java VM: Java HotSpot(TM) 64-Bit Server VM (24.0.2+12-54, mixed mode, sharing, tiered, compressed oops, compressed class ptrs, g1 gc, windows-amd64)
GC Precious Log:
 CardTable entry size: 512
 Card Set container configuration: InlinePtr #cards 5 size 8 Array Of Cards #cards 10 size 36 Howl #buckets 4 coarsen threshold 1843 Howl Bitmap #cards 512 size 80 coarsen threshold 460 Card regions per heap region 1 cards per card region 2048
 CPUs: 8 total, 8 available
 Memory: 5965M
 Large Page Support: Disabled
 NUMA Support: Disabled
 Compressed Oops: Enabled (32-bit)
 Heap Region Size: 1M
 Heap Min Capacity: 8M
 Heap Initial Capacity: 94M
 Heap Max Capacity: 1492M
 Pre-touch: Disabled
 Parallel Workers: 8
 Concurrent Workers: 2
 Concurrent Refinement Workers: 8
 Periodic GC: Disabled
Heap:
 garbage-first heap   total reserved 1527808K, committed 56320K, used 26079K [0x00000000a2c00000, 0x0000000100000000)
  region size 1024K, 9 young (9216K), 3 survivors (3072K)
 Metaspace       used 26056K, committed 26368K, reserved 1114112K
  class space    used 2524K, committed 2624K, reserved 1048576K
GC Heap History (14 events):
Event: 3.042 GC heap before
{Heap before GC invocations=0 (full 0):
 garbage-first heap   total reserved 1527808K, committed 98304K, used 49268K [0x00000000a2c00000, 0x0000000100000000)
  region size 1024K, 47 young (48128K), 0 survivors (0K)
 Metaspace       used 9589K, committed 9792K, reserved 1114112K
  class space    used 873K, committed 960K, reserved 1048576K
}
Event: 3.058 GC heap after
{Heap after GC invocations=1 (full 0):
 garbage-first heap   total reserved 1527808K, committed 98304K, used 5748K [0x00000000a2c00000, 0x0000000100000000)
  region size 1024K, 5 young (5120K), 5 survivors (5120K)
 Metaspace       used 9589K, committed 9792K, reserved 1114112K
  class space    used 873K, committed 960K, reserved 1048576K
}
Event: 6.063 GC heap before
{Heap before GC invocations=1 (full 0):
 garbage-first heap   total reserved 1527808K, committed 98304K, used 44660K [0x00000000a2c00000, 0x0000000100000000)
  region size 1024K, 45 young (46080K), 5 survivors (5120K)
 Metaspace       used 21311K, committed 21504K, reserved 1114112K
  class space    used 2135K, committed 2240K, reserved 1048576K
}
Event: 6.101 GC heap after
{Heap after GC invocations=2 (full 0):
 garbage-first heap   total reserved 1527808K, committed 98304K, used 11274K [0x00000000a2c00000, 0x0000000100000000)
  region size 1024K, 6 young (6144K), 6 survivors (6144K)
 Metaspace       used 21311K, committed 21504K, reserved 1114112K
  class space    used 2135K, committed 2240K, reserved 1048576K
}
Event: 9.275 GC heap before
{Heap before GC invocations=3 (full 0):
 garbage-first heap   total reserved 1527808K, committed 45056K, used 43018K [0x00000000a2c00000, 0x0000000100000000)
  region size 1024K, 37 young (37888K), 6 survivors (6144K)
 Metaspace       used 23349K, committed 23680K, reserved 1114112K
  class space    used 2342K, committed 2496K, reserved 1048576K
}
Event: 9.299 GC heap after
{Heap after GC invocations=4 (full 0):
 garbage-first heap   total reserved 1527808K, committed 56320K, used 15874K [0x00000000a2c00000, 0x0000000100000000)
  region size 1024K, 5 young (5120K), 5 survivors (5120K)
 Metaspace       used 23349K, committed 23680K, reserved 1114112K
  class space    used 2342K, committed 2496K, reserved 1048576K
}
Event: 13.646 GC heap before
{Heap before GC invocations=4 (full 0):
 garbage-first heap   total reserved 1527808K, committed 56320K, used 38402K [0x00000000a2c00000, 0x0000000100000000)
  region size 1024K, 27 young (27648K), 5 survivors (5120K)
 Metaspace       used 23800K, committed 24064K, reserved 1114112K
  class space    used 2369K, committed 2496K, reserved 1048576K
}
Event: 13.664 GC heap after
{Heap after GC invocations=5 (full 0):
 garbage-first heap   total reserved 1527808K, committed 56320K, used 18010K [0x00000000a2c00000, 0x0000000100000000)
  region size 1024K, 2 young (2048K), 2 survivors (2048K)
 Metaspace       used 23800K, committed 24064K, reserved 1114112K
  class space    used 2369K, committed 2496K, reserved 1048576K
}
Event: 17.746 GC heap before
{Heap before GC invocations=5 (full 0):
 garbage-first heap   total reserved 1527808K, committed 56320K, used 41562K [0x00000000a2c00000, 0x0000000100000000)
  region size 1024K, 25 young (25600K), 2 survivors (2048K)
 Metaspace       used 24121K, committed 24448K, reserved 1114112K
  class space    used 2372K, committed 2496K, reserved 1048576K
}
Event: 17.755 GC heap after
{Heap after GC invocations=6 (full 0):
 garbage-first heap   total reserved 1527808K, committed 56320K, used 19550K [0x00000000a2c00000, 0x0000000100000000)
  region size 1024K, 4 young (4096K), 4 survivors (4096K)
 Metaspace       used 24121K, committed 24448K, reserved 1114112K
  class space    used 2372K, committed 2496K, reserved 1048576K
}
Event: 25.800 GC heap before
{Heap before GC invocations=6 (full 0):
 garbage-first heap   total reserved 1527808K, committed 56320K, used 43102K [0x00000000a2c00000, 0x0000000100000000)
  region size 1024K, 27 young (27648K), 4 survivors (4096K)
 Metaspace       used 24436K, committed 24768K, reserved 1114112K
  class space    used 2373K, committed 2496K, reserved 1048576K
}
Event: 25.812 GC heap after
{Heap after GC invocations=7 (full 0):
 garbage-first heap   total reserved 1527808K, committed 56320K, used 19830K [0x00000000a2c00000, 0x0000000100000000)
  region size 1024K, 2 young (2048K), 2 survivors (2048K)
 Metaspace       used 24436K, committed 24768K, reserved 1114112K
  class space    used 2373K, committed 2496K, reserved 1048576K
}
Event: 28.247 GC heap before
{Heap before GC invocations=7 (full 0):
 garbage-first heap   total reserved 1527808K, committed 56320K, used 44406K [0x00000000a2c00000, 0x0000000100000000)
  region size 1024K, 26 young (26624K), 2 survivors (2048K)
 Metaspace       used 25597K, committed 25920K, reserved 1114112K
  class space    used 2491K, committed 2624K, reserved 1048576K
}
Event: 28.260 GC heap after
{Heap after GC invocations=8 (full 0):
 garbage-first heap   total reserved 1527808K, committed 56320K, used 20959K [0x00000000a2c00000, 0x0000000100000000)
  region size 1024K, 3 young (3072K), 3 survivors (3072K)
 Metaspace       used 25597K, committed 25920K, reserved 1114112K
  class space    used 2491K, committed 2624K, reserved 1048576K
}

